<?xml version="1.0" encoding="UTF-8"?>
<!-- Generated by org.testng.reporters.JUnitXMLReporter -->
<testsuite hostname="qedge-PC" name="End to end test" tests="5" failures="0" timestamp="30 Dec 2015 04:09:28 GMT" time="20.989" errors="0">
  <testcase name="loginTest1" time="13.66" classname="testsuiteExcution.loginTest"/>
  <testcase name="findaflightTest" time="3.118" classname="testsuiteExcution.FindAFlight"/>
  <testcase name="selectFlightTest" time="2.948" classname="testsuiteExcution.SelectAFlight"/>
  <testcase name="bookTicketTest" time="1.174" classname="testsuiteExcution.BookTickect"/>
  <testcase name="conformationTest" time="0.043" classname="testsuiteExcution.Conformation"/>
</testsuite> <!-- End to end test -->
